<?xml version="1.0" encoding="UTF-8"?>
<!-- Generated by org.testng.reporters.JUnitReportReporter -->
<testsuite skipped="0" hostname="MTCHNLT-SRIKAN" name="com.inet.testcases.TC1_LoginTest" tests="1" failures="0" timestamp="15 Dec 2019 02:26:10 GMT" time="24.320" errors="0">
  <testcase name="loginTest" time="24.320" classname="com.inet.testcases.TC1_LoginTest"/>
</testsuite> <!-- com.inet.testcases.TC1_LoginTest -->
