<?xml version="1.0" encoding="UTF-8"?>
<!-- Generated by org.testng.reporters.JUnitReportReporter -->
<testsuite skipped="0" hostname="MTCHNLT-SRIKAN" name="com.inet.testcases.TC3_AddCustomerTest" tests="1" failures="0" timestamp="15 Dec 2019 02:26:10 GMT" time="36.830" errors="0">
  <testcase name="addNewCustomer" time="36.830" classname="com.inet.testcases.TC3_AddCustomerTest"/>
</testsuite> <!-- com.inet.testcases.TC3_AddCustomerTest -->
