<?xml version="1.0" encoding="UTF-8"?>
<!-- Generated by org.testng.reporters.JUnitReportReporter -->
<testsuite skipped="0" hostname="MTCHNLT-SRIKAN" name="com.inet.testcases.TC1_LoginTest" tests="1" failures="0" timestamp="16 Dec 2019 13:11:20 GMT" time="31.988" errors="0">
  <testcase name="loginTest" time="31.988" classname="com.inet.testcases.TC1_LoginTest"/>
</testsuite> <!-- com.inet.testcases.TC1_LoginTest -->
