<?xml version="1.0" encoding="UTF-8"?>
<!-- Generated by org.testng.reporters.JUnitReportReporter -->
<testsuite skipped="0" hostname="MTCHNLT-SRIKAN" name="com.inet.testcases.TC3_AddCustomerTest" tests="1" failures="0" timestamp="16 Dec 2019 13:11:20 GMT" time="35.780" errors="0">
  <testcase name="addNewCustomer" time="35.780" classname="com.inet.testcases.TC3_AddCustomerTest"/>
</testsuite> <!-- com.inet.testcases.TC3_AddCustomerTest -->
